<?xml version="1.0" encoding="UTF-8"?>
<testng-results ignored="0" total="7" passed="7" failed="0" skipped="0">
  <reporter-output>
  </reporter-output>
  <suite started-at="2026-05-13T23:44:57 IST" name="Default suite" finished-at="2026-05-13T23:46:59 IST" duration-ms="121670">
    <groups>
      <group name="cucumber">
        <method signature="AbstractTestNGCucumberTests.runScenario(io.cucumber.testng.PickleWrapper,io.cucumber.testng.FeatureWrapper)[pri:0, instance:com.nba.portal.runners.CucumberTestRunner@74e52ef6]" name="runScenario" class="io.cucumber.testng.AbstractTestNGCucumberTests"/>
      </group> <!-- cucumber -->
    </groups>
    <test started-at="2026-05-13T23:44:57 IST" name="Default test" finished-at="2026-05-13T23:46:59 IST" duration-ms="121670">
      <class name="com.nba.portal.runners.CucumberTestRunner">
        <test-method is-config="true" signature="setUpClass(org.testng.ITestContext)[pri:0, instance:com.nba.portal.runners.CucumberTestRunner@74e52ef6]" started-at="2026-05-13T23:44:57 IST" name="setUpClass" finished-at="2026-05-13T23:44:59 IST" duration-ms="1744" status="PASS">
          <params>
            <param index="0">
              <value>
                <![CDATA[org.testng.TestRunner@4f363abd]]>
              </value>
            </param>
          </params>
          <reporter-output>
          </reporter-output>
        </test-method> <!-- setUpClass -->
        <test-method signature="runScenario(io.cucumber.testng.PickleWrapper,io.cucumber.testng.FeatureWrapper)[pri:0, instance:com.nba.portal.runners.CucumberTestRunner@74e52ef6]" started-at="2026-05-13T23:44:59 IST" name="runScenario" description="Runs Cucumber Scenarios" data-provider="scenarios" finished-at="2026-05-13T23:45:22 IST" duration-ms="22567" status="PASS">
          <params>
            <param index="0">
              <value>
                <![CDATA["Verify Bulls portal page loads"]]>
              </value>
            </param>
            <param index="1">
              <value>
                <![CDATA["Chicago Bulls Portal Page"]]>
              </value>
            </param>
          </params>
          <reporter-output>
          </reporter-output>
        </test-method> <!-- runScenario -->
        <test-method signature="runScenario(io.cucumber.testng.PickleWrapper,io.cucumber.testng.FeatureWrapper)[pri:0, instance:com.nba.portal.runners.CucumberTestRunner@74e52ef6]" started-at="2026-05-13T23:45:22 IST" name="runScenario" description="Runs Cucumber Scenarios" data-provider="scenarios" finished-at="2026-05-13T23:45:31 IST" duration-ms="9208" status="PASS">
          <params>
            <param index="0">
              <value>
                <![CDATA["Validate Footer Links"]]>
              </value>
            </param>
            <param index="1">
              <value>
                <![CDATA["Chicago Bulls Portal Page"]]>
              </value>
            </param>
          </params>
          <reporter-output>
          </reporter-output>
        </test-method> <!-- runScenario -->
        <test-method signature="runScenario(io.cucumber.testng.PickleWrapper,io.cucumber.testng.FeatureWrapper)[pri:0, instance:com.nba.portal.runners.CucumberTestRunner@74e52ef6]" started-at="2026-05-13T23:45:31 IST" name="runScenario" description="Runs Cucumber Scenarios" data-provider="scenarios" finished-at="2026-05-13T23:46:01 IST" duration-ms="29779" status="PASS">
          <params>
            <param index="0">
              <value>
                <![CDATA["Verify NBA portal home page loads"]]>
              </value>
            </param>
            <param index="1">
              <value>
                <![CDATA["NBA Portal Home Page"]]>
              </value>
            </param>
          </params>
          <reporter-output>
          </reporter-output>
        </test-method> <!-- runScenario -->
        <test-method signature="runScenario(io.cucumber.testng.PickleWrapper,io.cucumber.testng.FeatureWrapper)[pri:0, instance:com.nba.portal.runners.CucumberTestRunner@74e52ef6]" started-at="2026-05-13T23:46:01 IST" name="runScenario" description="Runs Cucumber Scenarios" data-provider="scenarios" finished-at="2026-05-13T23:46:14 IST" duration-ms="13401" status="PASS">
          <params>
            <param index="0">
              <value>
                <![CDATA["Verify Sixers portal page loads"]]>
              </value>
            </param>
            <param index="1">
              <value>
                <![CDATA["Philadelphia 76ers Portal Page"]]>
              </value>
            </param>
          </params>
          <reporter-output>
          </reporter-output>
        </test-method> <!-- runScenario -->
        <test-method signature="runScenario(io.cucumber.testng.PickleWrapper,io.cucumber.testng.FeatureWrapper)[pri:0, instance:com.nba.portal.runners.CucumberTestRunner@74e52ef6]" started-at="2026-05-13T23:46:14 IST" name="runScenario" description="Runs Cucumber Scenarios" data-provider="scenarios" finished-at="2026-05-13T23:46:31 IST" duration-ms="16577" status="PASS">
          <params>
            <param index="0">
              <value>
                <![CDATA["Validate Tickets Slides"]]>
              </value>
            </param>
            <param index="1">
              <value>
                <![CDATA["Philadelphia 76ers Portal Page"]]>
              </value>
            </param>
          </params>
          <reporter-output>
          </reporter-output>
        </test-method> <!-- runScenario -->
        <test-method signature="runScenario(io.cucumber.testng.PickleWrapper,io.cucumber.testng.FeatureWrapper)[pri:0, instance:com.nba.portal.runners.CucumberTestRunner@74e52ef6]" started-at="2026-05-13T23:46:31 IST" name="runScenario" description="Runs Cucumber Scenarios" data-provider="scenarios" finished-at="2026-05-13T23:46:42 IST" duration-ms="11650" status="PASS">
          <params>
            <param index="0">
              <value>
                <![CDATA["Verify Warriors portal page loads"]]>
              </value>
            </param>
            <param index="1">
              <value>
                <![CDATA["Golden State Warriors Portal Page"]]>
              </value>
            </param>
          </params>
          <reporter-output>
          </reporter-output>
        </test-method> <!-- runScenario -->
        <test-method signature="runScenario(io.cucumber.testng.PickleWrapper,io.cucumber.testng.FeatureWrapper)[pri:0, instance:com.nba.portal.runners.CucumberTestRunner@74e52ef6]" started-at="2026-05-13T23:46:42 IST" name="runScenario" description="Runs Cucumber Scenarios" data-provider="scenarios" finished-at="2026-05-13T23:46:59 IST" duration-ms="16545" status="PASS">
          <params>
            <param index="0">
              <value>
                <![CDATA["Count Videos in New and Features"]]>
              </value>
            </param>
            <param index="1">
              <value>
                <![CDATA["Golden State Warriors Portal Page"]]>
              </value>
            </param>
          </params>
          <reporter-output>
          </reporter-output>
        </test-method> <!-- runScenario -->
        <test-method is-config="true" signature="tearDownClass()[pri:0, instance:com.nba.portal.runners.CucumberTestRunner@74e52ef6]" started-at="2026-05-13T23:46:59 IST" name="tearDownClass" finished-at="2026-05-13T23:46:59 IST" duration-ms="88" status="PASS">
          <reporter-output>
          </reporter-output>
        </test-method> <!-- tearDownClass -->
      </class> <!-- com.nba.portal.runners.CucumberTestRunner -->
    </test> <!-- Default test -->
  </suite> <!-- Default suite -->
</testng-results>
