<?xml version="1.0" encoding="UTF-8"?>
<!-- Generated by org.testng.reporters.JUnitReportReporter -->
<testsuite hostname="PRANAVI" failures="0" tests="7" name="com.nba.portal.runners.CucumberTestRunner" time="119.727" errors="0" timestamp="2026-05-13T23:46:59 IST" skipped="0">
  <testcase classname="com.nba.portal.runners.CucumberTestRunner" name="runScenario" time="29.779"/>
  <testcase classname="com.nba.portal.runners.CucumberTestRunner" name="runScenario" time="13.401"/>
  <testcase classname="com.nba.portal.runners.CucumberTestRunner" name="runScenario" time="22.567"/>
  <testcase classname="com.nba.portal.runners.CucumberTestRunner" name="runScenario" time="11.650"/>
  <testcase classname="com.nba.portal.runners.CucumberTestRunner" name="runScenario" time="16.545"/>
  <testcase classname="com.nba.portal.runners.CucumberTestRunner" name="runScenario" time="16.577"/>
  <testcase classname="com.nba.portal.runners.CucumberTestRunner" name="runScenario" time="9.208"/>
</testsuite> <!-- com.nba.portal.runners.CucumberTestRunner -->
